-------------------------------------------------------------------------------
Test set: com.tacoloco.pricingCalculator.IntegrationTests
-------------------------------------------------------------------------------
Tests run: 24, Failures: 1, Errors: 0, Skipped: 0, Time elapsed: 114.217 s <<< FAILURE! - in com.tacoloco.pricingCalculator.IntegrationTests
getPublicDetailsForAllExistingUsers  Time elapsed: 3.643 s  <<< FAILURE!
java.lang.AssertionError: 
JSON path "$[0].role"
Expected: is "Software Engineer I"
     but: was "Sofware Engineer I"
	at com.tacoloco.pricingCalculator.IntegrationTests.getPublicDetailsForAllExistingUsers(IntegrationTests.java:163)

