-------------------------------------------------------------------------------
Test set: com.tacoloco.pricingCalculator.PricingCalculatorControllerTests
-------------------------------------------------------------------------------
Tests run: 6, Failures: 1, Errors: 0, Skipped: 0, Time elapsed: 14.386 s <<< FAILURE! - in com.tacoloco.pricingCalculator.PricingCalculatorControllerTests
putInsertInvalidFirstNameIntCustomer  Time elapsed: 0.199 s  <<< FAILURE!
java.lang.AssertionError: Response status expected:<422> but was:<400>
	at com.tacoloco.pricingCalculator.PricingCalculatorControllerTests.putInsertInvalidFirstNameIntCustomer(PricingCalculatorControllerTests.java:90)

