-------------------------------------------------------------------------------
Test set: com.tacoloco.pricingCalculator.PricingCalculatorRepositoryTests
-------------------------------------------------------------------------------
Tests run: 1, Failures: 0, Errors: 1, Skipped: 0, Time elapsed: 9.999 s <<< FAILURE! - in com.tacoloco.pricingCalculator.PricingCalculatorRepositoryTests
sendDatabaseWithJoeCool  Time elapsed: 0.008 s  <<< ERROR!
java.lang.IllegalStateException: Failed to load ApplicationContext
Caused by: org.springframework.beans.factory.UnsatisfiedDependencyException: Error creating bean with name 'testConfiguration': Unsatisfied dependency expressed through field 'pricingCalculatorService'; nested exception is org.springframework.beans.factory.UnsatisfiedDependencyException: Error creating bean with name 'pricingCalculatorService': Unsatisfied dependency expressed through field 'authenticationManager'; nested exception is org.springframework.beans.factory.UnsatisfiedDependencyException: Error creating bean with name 'webSecurityConfig': Unsatisfied dependency expressed through field 'jwtRequestFilter'; nested exception is org.springframework.beans.factory.UnsatisfiedDependencyException: Error creating bean with name 'jwtRequestFilter': Unsatisfied dependency expressed through field 'jwtTokenUtil'; nested exception is org.springframework.beans.factory.BeanCreationException: Error creating bean with name 'jwtTokenUtil': Injection of autowired dependencies failed; nested exception is java.lang.IllegalArgumentException: Could not resolve placeholder 'jwt.secret' in value "${jwt.secret}"
Caused by: org.springframework.beans.factory.UnsatisfiedDependencyException: Error creating bean with name 'pricingCalculatorService': Unsatisfied dependency expressed through field 'authenticationManager'; nested exception is org.springframework.beans.factory.UnsatisfiedDependencyException: Error creating bean with name 'webSecurityConfig': Unsatisfied dependency expressed through field 'jwtRequestFilter'; nested exception is org.springframework.beans.factory.UnsatisfiedDependencyException: Error creating bean with name 'jwtRequestFilter': Unsatisfied dependency expressed through field 'jwtTokenUtil'; nested exception is org.springframework.beans.factory.BeanCreationException: Error creating bean with name 'jwtTokenUtil': Injection of autowired dependencies failed; nested exception is java.lang.IllegalArgumentException: Could not resolve placeholder 'jwt.secret' in value "${jwt.secret}"
Caused by: org.springframework.beans.factory.UnsatisfiedDependencyException: Error creating bean with name 'webSecurityConfig': Unsatisfied dependency expressed through field 'jwtRequestFilter'; nested exception is org.springframework.beans.factory.UnsatisfiedDependencyException: Error creating bean with name 'jwtRequestFilter': Unsatisfied dependency expressed through field 'jwtTokenUtil'; nested exception is org.springframework.beans.factory.BeanCreationException: Error creating bean with name 'jwtTokenUtil': Injection of autowired dependencies failed; nested exception is java.lang.IllegalArgumentException: Could not resolve placeholder 'jwt.secret' in value "${jwt.secret}"
Caused by: org.springframework.beans.factory.UnsatisfiedDependencyException: Error creating bean with name 'jwtRequestFilter': Unsatisfied dependency expressed through field 'jwtTokenUtil'; nested exception is org.springframework.beans.factory.BeanCreationException: Error creating bean with name 'jwtTokenUtil': Injection of autowired dependencies failed; nested exception is java.lang.IllegalArgumentException: Could not resolve placeholder 'jwt.secret' in value "${jwt.secret}"
Caused by: org.springframework.beans.factory.BeanCreationException: Error creating bean with name 'jwtTokenUtil': Injection of autowired dependencies failed; nested exception is java.lang.IllegalArgumentException: Could not resolve placeholder 'jwt.secret' in value "${jwt.secret}"
Caused by: java.lang.IllegalArgumentException: Could not resolve placeholder 'jwt.secret' in value "${jwt.secret}"

