<?xml version="1.0" encoding="UTF-8"?>
<testsuite xmlns:xsi="http://www.w3.org/2001/XMLSchema-instance" xsi:noNamespaceSchemaLocation="https://maven.apache.org/surefire/maven-surefire-plugin/xsd/surefire-test-report.xsd" name="com.tacoloco.pricingCalculator.PricingCalculatorServiceTests" time="14.999" tests="6" errors="6" skipped="0" failures="0">
  <properties>
[...]
</properties>
  <testcase name="returnCorrectAmountForTwoChickenBurritoAndTwoChorizoBurito" classname="com.tacoloco.pricingCalculator.PricingCalculatorServiceTests" time="0.017">
    <error message="Unrecognized field &quot;chicken&quot; (class com.tacoloco.model.Order), not marked as ignorable (0 known properties: ])&#10; at [Source: (String)&quot;{&quot;chicken&quot;:2, &quot;chorizo&quot;:2}&quot;; line: 1, column: 13] (through reference chain: com.tacoloco.model.Order[&quot;chicken&quot;])" type="com.fasterxml.jackson.databind.exc.UnrecognizedPropertyException">com.fasterxml.jackson.databind.exc.UnrecognizedPropertyException: 
Unrecognized field "chicken" (class com.tacoloco.model.Order), not marked as ignorable (0 known properties: ])
 at [Source: (String)"{"chicken":2, "chorizo":2}"; line: 1, column: 13] (through reference chain: com.tacoloco.model.Order["chicken"])
	at com.tacoloco.pricingCalculator.PricingCalculatorServiceTests.returnCorrectAmountForTwoChickenBurritoAndTwoChorizoBurito(PricingCalculatorServiceTests.java:104)
</error>
    <system-out><![CDATA[2020-08-12 18:00:37.997  INFO 1876 --- [           main] .b.t.c.SpringBootTestContextBootstrapper : Neither @ContextConfiguration nor @ContextHierarchy found for test class [com.tacoloco.pricingCalculator.PricingCalculatorServiceTests], using SpringBootContextLoader
2020-08-12 18:00:37.999  INFO 1876 --- [           main] o.s.t.c.support.AbstractContextLoader    : Could not detect default resource locations for test class [com.tacoloco.pricingCalculator.PricingCalculatorServiceTests]: no resource found for suffixes {-context.xml, Context.groovy}.
2020-08-12 18:00:37.999  INFO 1876 --- [           main] t.c.s.AnnotationConfigContextLoaderUtils : Could not detect default configuration classes for test class [com.tacoloco.pricingCalculator.PricingCalculatorServiceTests]: PricingCalculatorServiceTests does not declare any static, non-private, non-final, nested classes annotated with @Configuration.
2020-08-12 18:00:38.010  INFO 1876 --- [           main] .b.t.c.SpringBootTestContextBootstrapper : Found @SpringBootConfiguration com.tacoloco.PricingCalculatorApplication for test class com.tacoloco.pricingCalculator.PricingCalculatorServiceTests
2020-08-12 18:00:38.012  INFO 1876 --- [           main] .b.t.c.SpringBootTestContextBootstrapper : Loaded default TestExecutionListener class names from location [META-INF/spring.factories]: [org.springframework.security.test.context.support.WithSecurityContextTestExecutionListener, org.springframework.security.test.context.support.ReactorContextTestExecutionListener, org.springframework.test.context.web.ServletTestExecutionListener, org.springframework.test.context.support.DirtiesContextBeforeModesTestExecutionListener, org.springframework.test.context.support.DependencyInjectionTestExecutionListener, org.springframework.test.context.support.DirtiesContextTestExecutionListener, org.springframework.test.context.transaction.TransactionalTestExecutionListener, org.springframework.test.context.jdbc.SqlScriptsTestExecutionListener, org.springframework.test.context.event.EventPublishingTestExecutionListener, org.springframework.boot.test.mock.mockito.MockitoTestExecutionListener, org.springframework.boot.test.mock.mockito.ResetMocksTestExecutionListener, org.springframework.boot.test.autoconfigure.restdocs.RestDocsTestExecutionListener, org.springframework.boot.test.autoconfigure.web.client.MockRestServiceServerResetTestExecutionListener, org.springframework.boot.test.autoconfigure.web.servlet.MockMvcPrintOnlyOnFailureTestExecutionListener, org.springframework.boot.test.autoconfigure.web.servlet.WebDriverTestExecutionListener]
2020-08-12 18:00:38.013  INFO 1876 --- [           main] .b.t.c.SpringBootTestContextBootstrapper : Using TestExecutionListeners: [org.springframework.test.context.web.ServletTestExecutionListener@1ee47336, org.springframework.test.context.support.DirtiesContextBeforeModesTestExecutionListener@5f18f8a1, org.springframework.boot.test.mock.mockito.MockitoTestExecutionListener@26d63c94, org.springframework.boot.test.autoconfigure.SpringBootDependencyInjectionTestExecutionListener@4e42beba, org.springframework.test.context.support.DirtiesContextTestExecutionListener@73021987, org.springframework.test.context.transaction.TransactionalTestExecutionListener@6bc72ab6, org.springframework.test.context.jdbc.SqlScriptsTestExecutionListener@7ce299c6, org.springframework.security.test.context.support.WithSecurityContextTestExecutionListener@278e5f8e, org.springframework.test.context.event.EventPublishingTestExecutionListener@44a3b4d9, org.springframework.security.test.context.support.ReactorContextTestExecutionListener@16e3a461, org.springframework.boot.test.mock.mockito.ResetMocksTestExecutionListener@7e2723d2, org.springframework.boot.test.autoconfigure.restdocs.RestDocsTestExecutionListener@2b0061b7, org.springframework.boot.test.autoconfigure.web.client.MockRestServiceServerResetTestExecutionListener@72dc0d72, org.springframework.boot.test.autoconfigure.web.servlet.MockMvcPrintOnlyOnFailureTestExecutionListener@79176fe4, org.springframework.boot.test.autoconfigure.web.servlet.WebDriverTestExecutionListener@3ee9eaa7]

  .   ____          _            __ _ _
 /\\ / ___'_ __ _ _(_)_ __  __ _ \ \ \ \
( ( )\___ | '_ | '_| | '_ \/ _` | \ \ \ \
 \\/  ___)| |_)| | | | | || (_| |  ) ) ) )
  '  |____| .__|_| |_|_| |_\__, | / / / /
 =========|_|==============|___/=/_/_/_/
 :: Spring Boot ::        (v2.2.5.RELEASE)

2020-08-12 18:00:38.213  INFO 1876 --- [           main] c.t.p.PricingCalculatorServiceTests      : Starting PricingCalculatorServiceTests on 02ece53bff73 with PID 1876 (started by runner in /home/runner/taco-loco)
2020-08-12 18:00:38.213  INFO 1876 --- [           main] c.t.p.PricingCalculatorServiceTests      : No active profile set, falling back to default profiles: default
2020-08-12 18:00:39.618  INFO 1876 --- [           main] .s.d.r.c.RepositoryConfigurationDelegate : Multiple Spring Data modules found, entering strict repository configuration mode!
2020-08-12 18:00:39.619  INFO 1876 --- [           main] .s.d.r.c.RepositoryConfigurationDelegate : Bootstrapping Spring Data JDBC repositories in DEFAULT mode.
2020-08-12 18:00:39.704  INFO 1876 --- [           main] .RepositoryConfigurationExtensionSupport : Spring Data JDBC - Could not safely identify store assignment for repository candidate interface com.tacoloco.dao.UserDao. If you want this repository to be a JDBC repository, consider annotating your entities with one of these annotations: org.springframework.data.relational.core.mapping.Table.
2020-08-12 18:00:39.704  INFO 1876 --- [           main] .s.d.r.c.RepositoryConfigurationDelegate : Finished Spring Data repository scanning in 9ms. Found 0 JDBC repository interfaces.
2020-08-12 18:00:39.709  INFO 1876 --- [           main] .s.d.r.c.RepositoryConfigurationDelegate : Multiple Spring Data modules found, entering strict repository configuration mode!
2020-08-12 18:00:39.709  INFO 1876 --- [           main] .s.d.r.c.RepositoryConfigurationDelegate : Bootstrapping Spring Data JPA repositories in DEFAULT mode.
2020-08-12 18:00:39.798  INFO 1876 --- [           main] .s.d.r.c.RepositoryConfigurationDelegate : Finished Spring Data repository scanning in 88ms. Found 1 JPA repository interfaces.
2020-08-12 18:00:40.605  INFO 1876 --- [           main] trationDelegate$BeanPostProcessorChecker : Bean 'org.springframework.security.config.annotation.configuration.ObjectPostProcessorConfiguration' of type [org.springframework.security.config.annotation.configuration.ObjectPostProcessorConfiguration] is not eligible for getting processed by all BeanPostProcessors (for example: not eligible for auto-proxying)
2020-08-12 18:00:40.609  INFO 1876 --- [           main] trationDelegate$BeanPostProcessorChecker : Bean 'objectPostProcessor' of type [org.springframework.security.config.annotation.configuration.AutowireBeanFactoryObjectPostProcessor] is not eligible for getting processed by all BeanPostProcessors (for example: not eligible for auto-proxying)
2020-08-12 18:00:40.609  INFO 1876 --- [           main] trationDelegate$BeanPostProcessorChecker : Bean 'org.springframework.security.access.expression.method.DefaultMethodSecurityExpressionHandler@35ff3600' of type [org.springframework.security.access.expression.method.DefaultMethodSecurityExpressionHandler] is not eligible for getting processed by all BeanPostProcessors (for example: not eligible for auto-proxying)
2020-08-12 18:00:40.616  INFO 1876 --- [           main] trationDelegate$BeanPostProcessorChecker : Bean 'org.springframework.security.config.annotation.method.configuration.GlobalMethodSecurityConfiguration' of type [org.springframework.security.config.annotation.method.configuration.GlobalMethodSecurityConfiguration] is not eligible for getting processed by all BeanPostProcessors (for example: not eligible for auto-proxying)
2020-08-12 18:00:40.695  INFO 1876 --- [           main] trationDelegate$BeanPostProcessorChecker : Bean 'methodSecurityMetadataSource' of type [org.springframework.security.access.method.DelegatingMethodSecurityMetadataSource] is not eligible for getting processed by all BeanPostProcessors (for example: not eligible for auto-proxying)
2020-08-12 18:00:41.102  INFO 1876 --- [           main] com.zaxxer.hikari.HikariDataSource       : HikariPool-4 - Starting...
2020-08-12 18:00:41.105  INFO 1876 --- [           main] com.zaxxer.hikari.HikariDataSource       : HikariPool-4 - Start completed.
2020-08-12 18:00:41.196  INFO 1876 --- [           main] o.hibernate.jpa.internal.util.LogHelper  : HHH000204: Processing PersistenceUnitInfo [name: default]
2020-08-12 18:00:41.203  INFO 1876 --- [           main] org.hibernate.dialect.Dialect            : HHH000400: Using dialect: org.hibernate.dialect.H2Dialect
2020-08-12 18:00:41.505  INFO 1876 --- [           main] o.h.e.t.j.p.i.JtaPlatformInitiator       : HHH000490: Using JtaPlatform implementation: [org.hibernate.engine.transaction.jta.platform.internal.NoJtaPlatform]
2020-08-12 18:00:41.505  INFO 1876 --- [           main] j.LocalContainerEntityManagerFactoryBean : Initialized JPA EntityManagerFactory for persistence unit 'default'
2020-08-12 18:00:42.000  WARN 1876 --- [           main] JpaBaseConfiguration$JpaWebConfiguration : spring.jpa.open-in-view is enabled by default. Therefore, database queries may be performed during view rendering. Explicitly configure spring.jpa.open-in-view to disable this warning
2020-08-12 18:00:44.610  INFO 1876 --- [           main] o.s.s.web.DefaultSecurityFilterChain     : Creating filter chain: any request, [org.springframework.security.web.context.request.async.WebAsyncManagerIntegrationFilter@5aadad55, org.springframework.security.web.context.SecurityContextPersistenceFilter@745526a0, org.springframework.security.web.header.HeaderWriterFilter@7d1647d5, org.springframework.security.web.authentication.logout.LogoutFilter@690506b0, com.tacoloco.config.JwtRequestFilter@645650b1, org.springframework.security.web.savedrequest.RequestCacheAwareFilter@4a5d8ae4, org.springframework.security.web.servletapi.SecurityContextHolderAwareRequestFilter@5c1a728, org.springframework.security.web.authentication.AnonymousAuthenticationFilter@34278424, org.springframework.security.web.session.SessionManagementFilter@12046998, org.springframework.security.web.access.ExceptionTranslationFilter@74a8d26c, org.springframework.security.web.access.intercept.FilterSecurityInterceptor@781a51d0]
2020-08-12 18:00:44.804  INFO 1876 --- [           main] o.s.s.web.DefaultSecurityFilterChain     : Creating filter chain: any request, [org.springframework.security.web.context.request.async.WebAsyncManagerIntegrationFilter@791bdaff, org.springframework.security.web.context.SecurityContextPersistenceFilter@699e81db, org.springframework.security.web.header.HeaderWriterFilter@6aa34b05, org.springframework.security.web.csrf.CsrfFilter@54f5457e, org.springframework.security.web.authentication.logout.LogoutFilter@6ad019e7, org.springframework.security.web.authentication.UsernamePasswordAuthenticationFilter@63e21ccb, org.springframework.security.web.authentication.ui.DefaultLoginPageGeneratingFilter@18be5bce, org.springframework.security.web.authentication.ui.DefaultLogoutPageGeneratingFilter@4bdea421, org.springframework.security.web.authentication.www.BasicAuthenticationFilter@8c41677, org.springframework.security.web.savedrequest.RequestCacheAwareFilter@8ace41e, org.springframework.security.web.servletapi.SecurityContextHolderAwareRequestFilter@78276d6d, org.springframework.security.web.authentication.AnonymousAuthenticationFilter@3829edd5, org.springframework.security.web.session.SessionManagementFilter@173ee8f7, org.springframework.security.web.access.ExceptionTranslationFilter@2f49d34d, org.springframework.security.web.access.intercept.FilterSecurityInterceptor@30004eeb]
2020-08-12 18:00:45.996  INFO 1876 --- [           main] o.s.s.concurrent.ThreadPoolTaskExecutor  : Initializing ExecutorService 'applicationTaskExecutor'
2020-08-12 18:00:52.897  INFO 1876 --- [           main] c.t.p.PricingCalculatorServiceTests      : Started PricingCalculatorServiceTests in 14.881 seconds (JVM running for 118.398)
]]></system-out>
  </testcase>
  <testcase name="saveDataWithJoeCool" classname="com.tacoloco.pricingCalculator.PricingCalculatorServiceTests" time="0.005">
    <error message="Unresolved compilation problems: &#10;	The method getUsername() is undefined for the type Customer&#10;	The method getFirstName() is undefined for the type Customer&#10;	The method getLastName() is undefined for the type Customer&#10;" type="java.lang.Error">java.lang.Error: 
Unresolved compilation problems: 
	The method getUsername() is undefined for the type Customer
	The method getFirstName() is undefined for the type Customer
	The method getLastName() is undefined for the type Customer

	at com.tacoloco.pricingCalculator.PricingCalculatorServiceTests.saveDataWithJoeCool(PricingCalculatorServiceTests.java:47)
</error>
  </testcase>
  <testcase name="callRepositoryWithJoeCool" classname="com.tacoloco.pricingCalculator.PricingCalculatorServiceTests" time="0.005">
    <error message="Unresolved compilation problems: &#10;	The method getUsername() is undefined for the type Customer&#10;	The method getFirstName() is undefined for the type Customer&#10;	The method getLastName() is undefined for the type Customer&#10;" type="java.lang.Error">java.lang.Error: 
Unresolved compilation problems: 
	The method getUsername() is undefined for the type Customer
	The method getFirstName() is undefined for the type Customer
	The method getLastName() is undefined for the type Customer

	at com.tacoloco.pricingCalculator.PricingCalculatorServiceTests.callRepositoryWithJoeCool(PricingCalculatorServiceTests.java:60)
</error>
  </testcase>
  <testcase name="returnCorrectAmountForBeefBurrito" classname="com.tacoloco.pricingCalculator.PricingCalculatorServiceTests" time="0.051">
    <error message="Unrecognized field &quot;beef&quot; (class com.tacoloco.model.Order), not marked as ignorable (0 known properties: ])&#10; at [Source: (String)&quot;{&quot;beef&quot;:1}&quot;; line: 1, column: 10] (through reference chain: com.tacoloco.model.Order[&quot;beef&quot;])" type="com.fasterxml.jackson.databind.exc.UnrecognizedPropertyException">com.fasterxml.jackson.databind.exc.UnrecognizedPropertyException: 
Unrecognized field "beef" (class com.tacoloco.model.Order), not marked as ignorable (0 known properties: ])
 at [Source: (String)"{"beef":1}"; line: 1, column: 10] (through reference chain: com.tacoloco.model.Order["beef"])
	at com.tacoloco.pricingCalculator.PricingCalculatorServiceTests.returnCorrectAmountForBeefBurrito(PricingCalculatorServiceTests.java:81)
</error>
  </testcase>
  <testcase name="returnCorrectAmountForTwoChickenBurrito" classname="com.tacoloco.pricingCalculator.PricingCalculatorServiceTests" time="0.005">
    <error message="Unrecognized field &quot;chicken&quot; (class com.tacoloco.model.Order), not marked as ignorable (0 known properties: ])&#10; at [Source: (String)&quot;{&quot;chicken&quot;:2}&quot;; line: 1, column: 13] (through reference chain: com.tacoloco.model.Order[&quot;chicken&quot;])" type="com.fasterxml.jackson.databind.exc.UnrecognizedPropertyException">com.fasterxml.jackson.databind.exc.UnrecognizedPropertyException: 
Unrecognized field "chicken" (class com.tacoloco.model.Order), not marked as ignorable (0 known properties: ])
 at [Source: (String)"{"chicken":2}"; line: 1, column: 13] (through reference chain: com.tacoloco.model.Order["chicken"])
	at com.tacoloco.pricingCalculator.PricingCalculatorServiceTests.returnCorrectAmountForTwoChickenBurrito(PricingCalculatorServiceTests.java:92)
</error>
  </testcase>
  <testcase name="returnCorrectAmountForVeggieBurrito" classname="com.tacoloco.pricingCalculator.PricingCalculatorServiceTests" time="0.004">
    <error message="Unrecognized field &quot;veggie&quot; (class com.tacoloco.model.Order), not marked as ignorable (0 known properties: ])&#10; at [Source: (String)&quot;{&quot;veggie&quot;:1}&quot;; line: 1, column: 12] (through reference chain: com.tacoloco.model.Order[&quot;veggie&quot;])" type="com.fasterxml.jackson.databind.exc.UnrecognizedPropertyException">com.fasterxml.jackson.databind.exc.UnrecognizedPropertyException: 
Unrecognized field "veggie" (class com.tacoloco.model.Order), not marked as ignorable (0 known properties: ])
 at [Source: (String)"{"veggie":1}"; line: 1, column: 12] (through reference chain: com.tacoloco.model.Order["veggie"])
	at com.tacoloco.pricingCalculator.PricingCalculatorServiceTests.returnCorrectAmountForVeggieBurrito(PricingCalculatorServiceTests.java:70)
</error>
  </testcase>
</testsuite>