<?xml version="1.0" encoding="UTF-8"?>
<testsuite xmlns:xsi="http://www.w3.org/2001/XMLSchema-instance" xsi:noNamespaceSchemaLocation="https://maven.apache.org/surefire/maven-surefire-plugin/xsd/surefire-test-report.xsd" name="com.tacoloco.pricingCalculator.PricingCalculatorControllerTests" time="25.307" tests="3" errors="0" skipped="0" failures="3">
  <properties>
[...]
</properties>
  <testcase name="putInsertCustomerValid" classname="com.tacoloco.pricingCalculator.PricingCalculatorControllerTests" time="0.411">
    <failure message="Status expected:&lt;200&gt; but was:&lt;403&gt;" type="java.lang.AssertionError"><![CDATA[java.lang.AssertionError: Status expected:<200> but was:<403>
	at com.tacoloco.pricingCalculator.PricingCalculatorControllerTests.putInsertCustomerValid(PricingCalculatorControllerTests.java:117)
]]></failure>
    <system-out><![CDATA[2020-07-31 04:35:13.029  INFO 405 --- [           main] .b.t.c.SpringBootTestContextBootstrapper : Neither @ContextConfiguration nor @ContextHierarchy found for test class [com.tacoloco.pricingCalculator.PricingCalculatorControllerTests], using SpringBootContextLoader
2020-07-31 04:35:13.031  INFO 405 --- [           main] o.s.t.c.support.AbstractContextLoader    : Could not detect default resource locations for test class [com.tacoloco.pricingCalculator.PricingCalculatorControllerTests]: no resource found for suffixes {-context.xml, Context.groovy}.
2020-07-31 04:35:13.032  INFO 405 --- [           main] t.c.s.AnnotationConfigContextLoaderUtils : Could not detect default configuration classes for test class [com.tacoloco.pricingCalculator.PricingCalculatorControllerTests]: PricingCalculatorControllerTests does not declare any static, non-private, non-final, nested classes annotated with @Configuration.
2020-07-31 04:35:13.326  INFO 405 --- [           main] .b.t.c.SpringBootTestContextBootstrapper : Found @SpringBootConfiguration com.tacoloco.PricingCalculatorApplication for test class com.tacoloco.pricingCalculator.PricingCalculatorControllerTests
2020-07-31 04:35:13.353  INFO 405 --- [           main] .b.t.c.SpringBootTestContextBootstrapper : Loaded default TestExecutionListener class names from location [META-INF/spring.factories]: [org.springframework.security.test.context.support.WithSecurityContextTestExecutionListener, org.springframework.security.test.context.support.ReactorContextTestExecutionListener, org.springframework.test.context.web.ServletTestExecutionListener, org.springframework.test.context.support.DirtiesContextBeforeModesTestExecutionListener, org.springframework.test.context.support.DependencyInjectionTestExecutionListener, org.springframework.test.context.support.DirtiesContextTestExecutionListener, org.springframework.test.context.transaction.TransactionalTestExecutionListener, org.springframework.test.context.jdbc.SqlScriptsTestExecutionListener, org.springframework.test.context.event.EventPublishingTestExecutionListener, org.springframework.boot.test.mock.mockito.MockitoTestExecutionListener, org.springframework.boot.test.mock.mockito.ResetMocksTestExecutionListener, org.springframework.boot.test.autoconfigure.restdocs.RestDocsTestExecutionListener, org.springframework.boot.test.autoconfigure.web.client.MockRestServiceServerResetTestExecutionListener, org.springframework.boot.test.autoconfigure.web.servlet.MockMvcPrintOnlyOnFailureTestExecutionListener, org.springframework.boot.test.autoconfigure.web.servlet.WebDriverTestExecutionListener]
2020-07-31 04:35:13.354  INFO 405 --- [           main] .b.t.c.SpringBootTestContextBootstrapper : Using TestExecutionListeners: [org.springframework.test.context.web.ServletTestExecutionListener@20a18cc9, org.springframework.test.context.support.DirtiesContextBeforeModesTestExecutionListener@61555218, org.springframework.boot.test.mock.mockito.MockitoTestExecutionListener@1fcf73b9, org.springframework.boot.test.autoconfigure.SpringBootDependencyInjectionTestExecutionListener@3b80bb63, org.springframework.test.context.support.DirtiesContextTestExecutionListener@17ebbf1e, org.springframework.test.context.transaction.TransactionalTestExecutionListener@5c65fa69, org.springframework.test.context.jdbc.SqlScriptsTestExecutionListener@38d308e7, org.springframework.security.test.context.support.WithSecurityContextTestExecutionListener@6b6f73d, org.springframework.test.context.event.EventPublishingTestExecutionListener@4c6fabba, org.springframework.security.test.context.support.ReactorContextTestExecutionListener@3f2ab6ec, org.springframework.boot.test.mock.mockito.ResetMocksTestExecutionListener@1f1e15de, org.springframework.boot.test.autoconfigure.restdocs.RestDocsTestExecutionListener@2ea0161f, org.springframework.boot.test.autoconfigure.web.client.MockRestServiceServerResetTestExecutionListener@1f235a0a, org.springframework.boot.test.autoconfigure.web.servlet.MockMvcPrintOnlyOnFailureTestExecutionListener@75d402d4, org.springframework.boot.test.autoconfigure.web.servlet.WebDriverTestExecutionListener@1a0b4955]

  .   ____          _            __ _ _
 /\\ / ___'_ __ _ _(_)_ __  __ _ \ \ \ \
( ( )\___ | '_ | '_| | '_ \/ _` | \ \ \ \
 \\/  ___)| |_)| | | | | || (_| |  ) ) ) )
  '  |____| .__|_| |_|_| |_\__, | / / / /
 =========|_|==============|___/=/_/_/_/
 :: Spring Boot ::        (v2.2.5.RELEASE)

2020-07-31 04:35:13.837  INFO 405 --- [           main] c.t.p.PricingCalculatorControllerTests   : Starting PricingCalculatorControllerTests on 31979abe26b4 with PID 405 (started by runner in /home/runner/taco-loco)
2020-07-31 04:35:13.838  INFO 405 --- [           main] c.t.p.PricingCalculatorControllerTests   : The following profiles are active: test
2020-07-31 04:35:16.741  INFO 405 --- [           main] .s.d.r.c.RepositoryConfigurationDelegate : Bootstrapping Spring Data JDBC repositories in DEFAULT mode.
2020-07-31 04:35:16.833  INFO 405 --- [           main] .s.d.r.c.RepositoryConfigurationDelegate : Finished Spring Data repository scanning in 90ms. Found 0 JDBC repository interfaces.
2020-07-31 04:35:19.340  INFO 405 --- [           main] trationDelegate$BeanPostProcessorChecker : Bean 'org.springframework.security.config.annotation.configuration.ObjectPostProcessorConfiguration' of type [org.springframework.security.config.annotation.configuration.ObjectPostProcessorConfiguration] is not eligible for getting processed by all BeanPostProcessors (for example: not eligible for auto-proxying)
2020-07-31 04:35:19.593  INFO 405 --- [           main] trationDelegate$BeanPostProcessorChecker : Bean 'objectPostProcessor' of type [org.springframework.security.config.annotation.configuration.AutowireBeanFactoryObjectPostProcessor] is not eligible for getting processed by all BeanPostProcessors (for example: not eligible for auto-proxying)
2020-07-31 04:35:19.638  INFO 405 --- [           main] trationDelegate$BeanPostProcessorChecker : Bean 'org.springframework.security.access.expression.method.DefaultMethodSecurityExpressionHandler@3fae357f' of type [org.springframework.security.access.expression.method.DefaultMethodSecurityExpressionHandler] is not eligible for getting processed by all BeanPostProcessors (for example: not eligible for auto-proxying)
2020-07-31 04:35:19.664  INFO 405 --- [           main] trationDelegate$BeanPostProcessorChecker : Bean 'org.springframework.security.config.annotation.method.configuration.GlobalMethodSecurityConfiguration' of type [org.springframework.security.config.annotation.method.configuration.GlobalMethodSecurityConfiguration] is not eligible for getting processed by all BeanPostProcessors (for example: not eligible for auto-proxying)
2020-07-31 04:35:19.672  INFO 405 --- [           main] trationDelegate$BeanPostProcessorChecker : Bean 'methodSecurityMetadataSource' of type [org.springframework.security.access.method.DelegatingMethodSecurityMetadataSource] is not eligible for getting processed by all BeanPostProcessors (for example: not eligible for auto-proxying)
2020-07-31 04:35:25.649  INFO 405 --- [           main] o.s.s.web.DefaultSecurityFilterChain     : Creating filter chain: any request, [org.springframework.security.web.context.request.async.WebAsyncManagerIntegrationFilter@44b5b54, org.springframework.security.web.context.SecurityContextPersistenceFilter@7da0587a, org.springframework.security.web.header.HeaderWriterFilter@4a76c90, org.springframework.security.web.csrf.CsrfFilter@1d82d35c, org.springframework.security.web.authentication.logout.LogoutFilter@4b8c9729, org.springframework.security.web.savedrequest.RequestCacheAwareFilter@78d52d4c, org.springframework.security.web.servletapi.SecurityContextHolderAwareRequestFilter@47a90d2a, org.springframework.security.web.authentication.AnonymousAuthenticationFilter@7e8f97dd, org.springframework.security.web.session.SessionManagementFilter@6a233d33, org.springframework.security.web.access.ExceptionTranslationFilter@27244a88, org.springframework.security.web.access.intercept.FilterSecurityInterceptor@d426e01]
2020-07-31 04:35:25.946  INFO 405 --- [           main] o.s.s.web.DefaultSecurityFilterChain     : Creating filter chain: any request, [org.springframework.security.web.context.request.async.WebAsyncManagerIntegrationFilter@4ccf1d3e, org.springframework.security.web.context.SecurityContextPersistenceFilter@7d741200, org.springframework.security.web.header.HeaderWriterFilter@969c2f9, org.springframework.security.web.csrf.CsrfFilter@625c9248, org.springframework.security.web.authentication.logout.LogoutFilter@9cdf13e, org.springframework.security.web.authentication.UsernamePasswordAuthenticationFilter@1b1d93e9, org.springframework.security.web.authentication.ui.DefaultLoginPageGeneratingFilter@6af02de0, org.springframework.security.web.authentication.ui.DefaultLogoutPageGeneratingFilter@75ff2b6d, org.springframework.security.web.authentication.www.BasicAuthenticationFilter@129b0ed, org.springframework.security.web.savedrequest.RequestCacheAwareFilter@36e11b60, org.springframework.security.web.servletapi.SecurityContextHolderAwareRequestFilter@71d8794f, org.springframework.security.web.authentication.AnonymousAuthenticationFilter@20a7ce0, org.springframework.security.web.session.SessionManagementFilter@7bbc11ed, org.springframework.security.web.access.ExceptionTranslationFilter@3c1ef806, org.springframework.security.web.access.intercept.FilterSecurityInterceptor@4fbed6fc]
2020-07-31 04:35:27.629  INFO 405 --- [           main] o.s.s.concurrent.ThreadPoolTaskExecutor  : Initializing ExecutorService 'applicationTaskExecutor'
2020-07-31 04:35:37.624  INFO 405 --- [           main] o.s.b.t.m.w.SpringBootMockServletContext : Initializing Spring TestDispatcherServlet ''
2020-07-31 04:35:37.624  INFO 405 --- [           main] o.s.t.web.servlet.TestDispatcherServlet  : Initializing Servlet ''
2020-07-31 04:35:37.733  INFO 405 --- [           main] o.s.t.web.servlet.TestDispatcherServlet  : Completed initialization in 108 ms
2020-07-31 04:35:38.026  INFO 405 --- [           main] c.t.p.PricingCalculatorControllerTests   : Started PricingCalculatorControllerTests in 24.592 seconds (JVM running for 118.382)

MockHttpServletRequest:
      HTTP Method = PUT
      Request URI = /insertCustomer
       Parameters = {}
          Headers = [Content-Type:"application/json;charset=UTF-8", Content-Length:"129"]
             Body = {"username":"SirSnoopy", "firstName":"Joe", "lastName": "Cool", "password": "SnoopDoDubbaG", "matchingPassword": "SnoopDoDubbaG"}
    Session Attrs = {org.springframework.security.web.csrf.HttpSessionCsrfTokenRepository.CSRF_TOKEN=org.springframework.security.web.csrf.DefaultCsrfToken@5f815f93}

Handler:
             Type = null

Async:
    Async started = false
     Async result = null

Resolved Exception:
             Type = null

ModelAndView:
        View name = null
             View = null
            Model = null

FlashMap:
       Attributes = null

MockHttpServletResponse:
           Status = 403
    Error message = Forbidden
          Headers = [X-Content-Type-Options:"nosniff", X-XSS-Protection:"1; mode=block", Cache-Control:"no-cache, no-store, max-age=0, must-revalidate", Pragma:"no-cache", Expires:"0", X-Frame-Options:"DENY"]
     Content type = null
             Body = 
    Forwarded URL = null
   Redirected URL = null
          Cookies = []
]]></system-out>
  </testcase>
  <testcase name="postAuthenticateUserValid" classname="com.tacoloco.pricingCalculator.PricingCalculatorControllerTests" time="0.107">
    <failure message="Status expected:&lt;200&gt; but was:&lt;403&gt;" type="java.lang.AssertionError"><![CDATA[java.lang.AssertionError: Status expected:<200> but was:<403>
	at com.tacoloco.pricingCalculator.PricingCalculatorControllerTests.postAuthenticateUserValid(PricingCalculatorControllerTests.java:86)
]]></failure>
    <system-out><![CDATA[
MockHttpServletRequest:
      HTTP Method = POST
      Request URI = /authenticate
       Parameters = {}
          Headers = [Content-Type:"application/json;charset=UTF-8", Content-Length:"121"]
             Body = {"username":"javainuse", "firstName":"Java", "lastName": "InUse", "password": "password", "matchingPassword": "password"}
    Session Attrs = {org.springframework.security.web.csrf.HttpSessionCsrfTokenRepository.CSRF_TOKEN=org.springframework.security.web.csrf.DefaultCsrfToken@adbc3bc}

Handler:
             Type = null

Async:
    Async started = false
     Async result = null

Resolved Exception:
             Type = null

ModelAndView:
        View name = null
             View = null
            Model = null

FlashMap:
       Attributes = null

MockHttpServletResponse:
           Status = 403
    Error message = Forbidden
          Headers = [X-Content-Type-Options:"nosniff", X-XSS-Protection:"1; mode=block", Cache-Control:"no-cache, no-store, max-age=0, must-revalidate", Pragma:"no-cache", Expires:"0", X-Frame-Options:"DENY"]
     Content type = null
             Body = 
    Forwarded URL = null
   Redirected URL = null
          Cookies = []
]]></system-out>
  </testcase>
  <testcase name="postAuthenticateUserInvalid" classname="com.tacoloco.pricingCalculator.PricingCalculatorControllerTests" time="0.102">
    <failure message="Response status expected:&lt;401&gt; but was:&lt;403&gt;" type="java.lang.AssertionError"><![CDATA[java.lang.AssertionError: Response status expected:<401> but was:<403>
	at com.tacoloco.pricingCalculator.PricingCalculatorControllerTests.postAuthenticateUserInvalid(PricingCalculatorControllerTests.java:100)
]]></failure>
    <system-out><![CDATA[
MockHttpServletRequest:
      HTTP Method = POST
      Request URI = /authenticate
       Parameters = {}
          Headers = [Content-Type:"application/json;charset=UTF-8", Content-Length:"113"]
             Body = {"username":"javainuse", "firstName":"Java", "lastName": "InUse", "password": "fake", "matchingPassword": "fake"}
    Session Attrs = {org.springframework.security.web.csrf.HttpSessionCsrfTokenRepository.CSRF_TOKEN=org.springframework.security.web.csrf.DefaultCsrfToken@3c6d3ba}

Handler:
             Type = null

Async:
    Async started = false
     Async result = null

Resolved Exception:
             Type = null

ModelAndView:
        View name = null
             View = null
            Model = null

FlashMap:
       Attributes = null

MockHttpServletResponse:
           Status = 403
    Error message = Forbidden
          Headers = [X-Content-Type-Options:"nosniff", X-XSS-Protection:"1; mode=block", Cache-Control:"no-cache, no-store, max-age=0, must-revalidate", Pragma:"no-cache", Expires:"0", X-Frame-Options:"DENY"]
     Content type = null
             Body = 
    Forwarded URL = null
   Redirected URL = null
          Cookies = []
]]></system-out>
  </testcase>
</testsuite>